c:\users\ryota\onedrive\desktop\graphics_codebase\csc3223\csc3223coursework2\debug\vc142.pdb
c:\users\ryota\onedrive\desktop\graphics_codebase\csc3223\csc3223coursework2\debug\vc142.idb
c:\users\ryota\onedrive\desktop\graphics_codebase\csc3223\csc3223coursework2\debug\tools.obj
c:\users\ryota\onedrive\desktop\graphics_codebase\csc3223\csc3223coursework2\debug\spacedusts.obj
c:\users\ryota\onedrive\desktop\graphics_codebase\csc3223\csc3223coursework2\debug\renderobject.obj
c:\users\ryota\onedrive\desktop\graphics_codebase\csc3223\csc3223coursework2\debug\renderer.obj
c:\users\ryota\onedrive\desktop\graphics_codebase\csc3223\csc3223coursework2\debug\cube.obj
c:\users\ryota\onedrive\desktop\graphics_codebase\csc3223\csc3223coursework2\debug\main.obj
c:\users\ryota\onedrive\desktop\graphics_codebase\debug\coursework2.exe
c:\users\ryota\onedrive\desktop\graphics_codebase\debug\coursework2.ilk
c:\users\ryota\onedrive\desktop\graphics_codebase\debug\coursework2.pdb
c:\users\ryota\downloads\graphics_codebase - copy (2)\csc3223\csc3223coursework2\debug\cube.obj
c:\users\ryota\downloads\graphics_codebase - copy (2)\csc3223\csc3223coursework2\debug\main.obj
c:\users\ryota\downloads\graphics_codebase - copy (2)\csc3223\csc3223coursework2\debug\renderer.obj
c:\users\ryota\downloads\graphics_codebase - copy (2)\csc3223\csc3223coursework2\debug\renderobject.obj
c:\users\ryota\downloads\graphics_codebase - copy (2)\csc3223\csc3223coursework2\debug\spacedusts.obj
c:\users\ryota\downloads\graphics_codebase - copy (2)\csc3223\csc3223coursework2\debug\tools.obj
c:\users\ryota\downloads\graphics_codebase - copy (2)\csc3223\csc3223coursework2\debug\vc142.idb
c:\users\ryota\downloads\graphics_codebase - copy (2)\csc3223\csc3223coursework2\debug\vc142.pdb
c:\users\ryota\downloads\graphics_codebase - copy (2)\debug\coursework2.pdb
c:\users\ryota\downloads\graphics_codebase - copy (2)\debug\coursework2.exe
c:\users\ryota\downloads\graphics_codebase - copy (2)\debug\coursework2.ilk
c:\users\ryota\downloads\graphics_codebase - copy (2)\csc3223\csc3223coursework2\debug\coursework2.tlog\cl.command.1.tlog
c:\users\ryota\downloads\graphics_codebase - copy (2)\csc3223\csc3223coursework2\debug\coursework2.tlog\cl.read.1.tlog
c:\users\ryota\downloads\graphics_codebase - copy (2)\csc3223\csc3223coursework2\debug\coursework2.tlog\cl.write.1.tlog
c:\users\ryota\downloads\graphics_codebase - copy (2)\csc3223\csc3223coursework2\debug\coursework2.tlog\link.command.1.tlog
c:\users\ryota\downloads\graphics_codebase - copy (2)\csc3223\csc3223coursework2\debug\coursework2.tlog\link.read.1.tlog
c:\users\ryota\downloads\graphics_codebase - copy (2)\csc3223\csc3223coursework2\debug\coursework2.tlog\link.write.1.tlog
