h:\desktop\graphics_codebase\csc3223\csc3223coursework2\debug\vc142.pdb
h:\desktop\graphics_codebase\csc3223\csc3223coursework2\debug\vc142.idb
h:\desktop\graphics_codebase\csc3223\csc3223coursework2\debug\tools.obj
h:\desktop\graphics_codebase\csc3223\csc3223coursework2\debug\spacedusts.obj
h:\desktop\graphics_codebase\csc3223\csc3223coursework2\debug\renderobject.obj
h:\desktop\graphics_codebase\csc3223\csc3223coursework2\debug\renderer.obj
h:\desktop\graphics_codebase\csc3223\csc3223coursework2\debug\cube.obj
h:\desktop\graphics_codebase\csc3223\csc3223coursework2\debug\coursework2.obj
c:\users\ryota\onedrive\desktop\graphics_codebase\csc3223\csc3223coursework2\debug\vc142.pdb
c:\users\ryota\onedrive\desktop\graphics_codebase\csc3223\csc3223coursework2\debug\vc142.idb
c:\users\ryota\onedrive\desktop\graphics_codebase\csc3223\csc3223coursework2\debug\tools.obj
c:\users\ryota\onedrive\desktop\graphics_codebase\csc3223\csc3223coursework2\debug\spacedusts.obj
c:\users\ryota\onedrive\desktop\graphics_codebase\csc3223\csc3223coursework2\debug\renderobject.obj
c:\users\ryota\onedrive\desktop\graphics_codebase\csc3223\csc3223coursework2\debug\renderer.obj
c:\users\ryota\onedrive\desktop\graphics_codebase\csc3223\csc3223coursework2\debug\cube.obj
c:\users\ryota\onedrive\desktop\graphics_codebase\csc3223\csc3223coursework2\debug\coursework2.obj
h:\desktop\graphics_codebase\debug\csc3223coursework2.ilk
h:\desktop\graphics_codebase\debug\csc3223coursework2.exe
h:\desktop\graphics_codebase\debug\csc3223coursework2.pdb
c:\users\ryota\onedrive\desktop\graphics_codebase\debug\csc3223coursework2.ilk
c:\users\ryota\onedrive\desktop\graphics_codebase\debug\csc3223coursework2.exe
c:\users\ryota\onedrive\desktop\graphics_codebase\debug\csc3223coursework2.pdb
c:\users\ryota\onedrive\desktop\graphics_codebase\csc3223\csc3223coursework2\debug\csc3223c.971649eb.tlog\cl.command.1.tlog
c:\users\ryota\onedrive\desktop\graphics_codebase\csc3223\csc3223coursework2\debug\csc3223c.971649eb.tlog\cl.read.1.tlog
c:\users\ryota\onedrive\desktop\graphics_codebase\csc3223\csc3223coursework2\debug\csc3223c.971649eb.tlog\cl.write.1.tlog
c:\users\ryota\onedrive\desktop\graphics_codebase\csc3223\csc3223coursework2\debug\csc3223c.971649eb.tlog\link.command.1.tlog
c:\users\ryota\onedrive\desktop\graphics_codebase\csc3223\csc3223coursework2\debug\csc3223c.971649eb.tlog\link.read.1.tlog
c:\users\ryota\onedrive\desktop\graphics_codebase\csc3223\csc3223coursework2\debug\csc3223c.971649eb.tlog\link.write.1.tlog
