  Assets.cpp
  Camera.cpp
  GameTimer.cpp
  Keyboard.cpp
  Maths.cpp
  Matrix2.cpp
  Matrix3.cpp
  Matrix4.cpp
  MeshGeometry.cpp
  Mouse.cpp
  Plane.cpp
  Quaternion.cpp
  RendererBase.cpp
  ShaderBase.cpp
  SimpleFont.cpp
  TextureBase.cpp
  TextureLoader.cpp
  TextureWriter.cpp
  Vector4.cpp
  Win32Keyboard.cpp
  Generating Code...
  Compiling...
  Win32Mouse.cpp
  Win32Window.cpp
C:\Users\ryota\OneDrive\Desktop\Graphics_CodeBase\Common\Win32Window.cpp(137,20): warning C4244: '=': conversion from 'DWORD' to 'float', possible loss of data
C:\Users\ryota\OneDrive\Desktop\Graphics_CodeBase\Common\Win32Window.cpp(138,20): warning C4244: '=': conversion from 'DWORD' to 'float', possible loss of data
  Window.cpp
  Generating Code...
  Common.vcxproj -> C:\Users\ryota\OneDrive\Desktop\Graphics_CodeBase\Win32\Debug\Common.lib
