c:\users\ryota\onedrive\desktop\graphics_codebase\csc3223\csc3223tutorials\debug\vc142.pdb
c:\users\ryota\onedrive\desktop\graphics_codebase\csc3223\csc3223tutorials\debug\vc142.idb
c:\users\ryota\onedrive\desktop\graphics_codebase\csc3223\csc3223tutorials\debug\renderobject.obj
c:\users\ryota\onedrive\desktop\graphics_codebase\csc3223\csc3223tutorials\debug\rasterisationmesh.obj
c:\users\ryota\onedrive\desktop\graphics_codebase\csc3223\csc3223tutorials\debug\renderer.obj
c:\users\ryota\onedrive\desktop\graphics_codebase\csc3223\csc3223tutorials\debug\csc3223.obj
c:\users\ryota\onedrive\desktop\graphics_codebase\win32\debug\csc3223tutorials.exe
c:\users\ryota\onedrive\desktop\graphics_codebase\win32\debug\csc3223tutorials.ilk
c:\users\ryota\onedrive\desktop\graphics_codebase\win32\debug\csc3223tutorials.pdb
c:\users\ryota\downloads\graphics_codebase - copy (2)\csc3223\csc3223tutorials\debug\csc3223.obj
c:\users\ryota\downloads\graphics_codebase - copy (2)\csc3223\csc3223tutorials\debug\rasterisationmesh.obj
c:\users\ryota\downloads\graphics_codebase - copy (2)\csc3223\csc3223tutorials\debug\renderer.obj
c:\users\ryota\downloads\graphics_codebase - copy (2)\csc3223\csc3223tutorials\debug\renderobject.obj
c:\users\ryota\downloads\graphics_codebase - copy (2)\csc3223\csc3223tutorials\debug\vc142.idb
c:\users\ryota\downloads\graphics_codebase - copy (2)\csc3223\csc3223tutorials\debug\vc142.pdb
c:\users\ryota\downloads\graphics_codebase - copy (2)\win32\debug\csc3223tutorials.pdb
c:\users\ryota\downloads\graphics_codebase - copy (2)\win32\debug\csc3223tutorials.exe
c:\users\ryota\downloads\graphics_codebase - copy (2)\win32\debug\csc3223tutorials.ilk
c:\users\ryota\downloads\graphics_codebase - copy (2)\csc3223\csc3223tutorials\debug\csc3223tutorials.tlog\cl.command.1.tlog
c:\users\ryota\downloads\graphics_codebase - copy (2)\csc3223\csc3223tutorials\debug\csc3223tutorials.tlog\cl.read.1.tlog
c:\users\ryota\downloads\graphics_codebase - copy (2)\csc3223\csc3223tutorials\debug\csc3223tutorials.tlog\cl.write.1.tlog
c:\users\ryota\downloads\graphics_codebase - copy (2)\csc3223\csc3223tutorials\debug\csc3223tutorials.tlog\link.command.1.tlog
c:\users\ryota\downloads\graphics_codebase - copy (2)\csc3223\csc3223tutorials\debug\csc3223tutorials.tlog\link.read.1.tlog
c:\users\ryota\downloads\graphics_codebase - copy (2)\csc3223\csc3223tutorials\debug\csc3223tutorials.tlog\link.write.1.tlog
